<?xml version="1.0" encoding="UTF-8"?>
<!-- Generated by org.testng.reporters.JUnitXMLReporter -->
<testsuite ignored="0" hostname="Jacks-Mac-mini.local" failures="0" tests="3" name="Default test" time="40.219" errors="0" timestamp="2023-08-04T19:17:12 IST">
  <testcase classname="com.stest.GoogleTest" name="googleTitleTest" time="0.233"/>
  <testcase classname="com.stest.GoogleTest" name="googleLogoTest" time="0.335"/>
  <testcase classname="com.stest.GoogleTest" name="gmailButtonTest" time="0.138"/>
</testsuite> <!-- Default test -->
