<?xml version="1.0" encoding="UTF-8"?>
<!-- Generated by org.testng.reporters.JUnitXMLReporter -->
<testsuite ignored="0" hostname="Jacks-Mac-mini.local" failures="0" tests="3" name="Test" time="18.217" errors="0" timestamp="2023-07-27T12:32:05 IST">
  <testcase classname="com.stest.TC_Login" name="loginTest" time="18.106"/>
  <testcase classname="com.stest.AppTest" name="failedLogin" time="0.064"/>
  <testcase classname="com.stest.AppTest" name="successLogin" time="0.001"/>
</testsuite> <!-- Test -->
