<?xml version="1.0" encoding="UTF-8"?>
<!-- Generated by org.testng.reporters.JUnitXMLReporter -->
<testsuite ignored="0" hostname="Jacks-Mac-mini.local" failures="0" tests="34" name="Test" time="54.881" errors="0" timestamp="2023-08-08T15:11:32 IST">
  <testcase classname="com.stest.TestNgReatures" name="formatTest" time="0.005"/>
  <testcase classname="com.stest.TestNgReatures" name="loginTest" time="0.003"/>
  <testcase classname="com.stest.TestNgReatures" name="homePageTest" time="0.001"/>
  <testcase classname="com.stest.TestNgReatures" name="homePageTest" time="0.007"/>
  <testcase classname="com.stest.TestNgReatures" name="homePageTest" time="0.001"/>
  <testcase classname="com.stest.TestNgReatures" name="homePageTest" time="0.002"/>
  <testcase classname="com.stest.TestNgReatures" name="homePageTest" time="0.001"/>
  <testcase classname="com.stest.TestNgReatures" name="homePageTest" time="0.002"/>
  <testcase classname="com.stest.TestNgReatures" name="homePageTest" time="0.004"/>
  <testcase classname="com.stest.TestNgReatures" name="homePageTest" time="0.001"/>
  <testcase classname="com.stest.TestNgReatures" name="homePageTest" time="0.058"/>
  <testcase classname="com.stest.TestNgReatures" name="homePageTest" time="0.064"/>
  <testcase classname="com.stest.TestNgReatures" name="homePageTest" time="0.051"/>
  <testcase classname="com.stest.TestNgReatures" name="homePageTest" time="0.002"/>
  <testcase classname="com.stest.TestNgReatures" name="homePageTest" time="0.005"/>
  <testcase classname="com.stest.TestNgReatures" name="homePageTest" time="0.001"/>
  <testcase classname="com.stest.TestNgReatures" name="homePageTest" time="0.072"/>
  <testcase classname="com.stest.TestNgReatures" name="homePageTest" time="0.014"/>
  <testcase classname="com.stest.TestNgReatures" name="homePageTest" time="0.003"/>
  <testcase classname="com.stest.TestNgReatures" name="homePageTest" time="0.042"/>
  <testcase classname="com.stest.TestNgReatures" name="homePageTest" time="0.002"/>
  <testcase classname="com.stest.TestNgReatures" name="homePageTest" time="0.008"/>
  <testcase classname="com.stest.TC_Login" name="loginTest" time="13.215"/>
  <testcase classname="com.stest.AppTest" name="failedLogin" time="0.032"/>
  <testcase classname="com.stest.AppTest" name="successLogin" time="0.013"/>
  <testcase classname="com.stest.GoogleTest" name="googleTitleTest" time="0.014"/>
  <testcase classname="com.stest.GoogleTest" name="googleLogoTest" time="0.119"/>
  <testcase classname="com.stest.GoogleTest" name="gmailButtonTest" time="0.078"/>
  <testcase classname="com.stest.GoogleTest" name="test1" time="0.002"/>
  <testcase classname="com.stest.GoogleTest" name="test2" time="0.001"/>
  <testcase classname="com.stest.GoogleTest" name="test3" time="0.0"/>
  <testcase classname="com.stest.TestNgBasics" name="googleLogoTest" time="0.001"/>
  <testcase classname="com.stest.TestNgBasics" name="googleTitleTest" time="0.001"/>
  <testcase classname="com.stest.TestNgBasics" name="searchTest" time="0.002"/>
</testsuite> <!-- Test -->
