<?xml version="1.0" encoding="UTF-8"?>
<testng-results ignored="0" total="3" passed="3" failed="0" skipped="0">
  <reporter-output>
  </reporter-output>
  <suite started-at="2023-08-02T18:08:48 IST" name="Suite" finished-at="2023-08-02T18:09:14 IST" duration-ms="25974">
    <groups>
    </groups>
    <test started-at="2023-08-02T18:08:48 IST" name="Test" finished-at="2023-08-02T18:09:14 IST" duration-ms="25974">
      <class name="com.stest.AppTest">
        <test-method signature="failedLogin()[pri:0, instance:com.stest.AppTest@3c9d0b9d]" started-at="2023-08-02T18:09:13 IST" name="failedLogin" finished-at="2023-08-02T18:09:14 IST" duration-ms="324" status="PASS">
          <reporter-output>
          </reporter-output>
        </test-method> <!-- failedLogin -->
        <test-method signature="successLogin()[pri:0, instance:com.stest.AppTest@3c9d0b9d]" started-at="2023-08-02T18:09:14 IST" name="successLogin" finished-at="2023-08-02T18:09:14 IST" duration-ms="1" status="PASS">
          <reporter-output>
          </reporter-output>
        </test-method> <!-- successLogin -->
      </class> <!-- com.stest.AppTest -->
      <class name="com.stest.TC_Login">
        <test-method signature="loginTest()[pri:0, instance:com.stest.TC_Login@18ce0030]" started-at="2023-08-02T18:08:48 IST" name="loginTest" finished-at="2023-08-02T18:09:13 IST" duration-ms="25525" status="PASS">
          <reporter-output>
          </reporter-output>
        </test-method> <!-- loginTest -->
      </class> <!-- com.stest.TC_Login -->
    </test> <!-- Test -->
  </suite> <!-- Suite -->
</testng-results>
