<?xml version="1.0" encoding="UTF-8"?>
<testng-results ignored="0" total="3" passed="3" failed="0" skipped="0">
  <reporter-output>
  </reporter-output>
  <suite started-at="2023-08-04T19:16:27 IST" name="Default suite" finished-at="2023-08-04T19:17:07 IST" duration-ms="40219">
    <groups>
    </groups>
    <test started-at="2023-08-04T19:16:27 IST" name="Default test" finished-at="2023-08-04T19:17:07 IST" duration-ms="40219">
      <class name="com.stest.GoogleTest">
        <test-method is-config="true" signature="setup()[pri:0, instance:com.stest.GoogleTest@43195e57]" started-at="2023-08-04T19:16:27 IST" name="setup" finished-at="2023-08-04T19:16:49 IST" duration-ms="21914" status="PASS">
          <reporter-output>
          </reporter-output>
        </test-method> <!-- setup -->
        <test-method signature="googleTitleTest()[pri:1, instance:com.stest.GoogleTest@43195e57]" started-at="2023-08-04T19:16:49 IST" name="googleTitleTest" finished-at="2023-08-04T19:16:49 IST" duration-ms="233" status="PASS">
          <reporter-output>
          </reporter-output>
        </test-method> <!-- googleTitleTest -->
        <test-method is-config="true" signature="tearDown()[pri:0, instance:com.stest.GoogleTest@43195e57]" started-at="2023-08-04T19:16:49 IST" name="tearDown" finished-at="2023-08-04T19:16:50 IST" duration-ms="965" status="PASS">
          <reporter-output>
          </reporter-output>
        </test-method> <!-- tearDown -->
        <test-method is-config="true" signature="setup()[pri:0, instance:com.stest.GoogleTest@43195e57]" started-at="2023-08-04T19:16:50 IST" name="setup" finished-at="2023-08-04T19:16:59 IST" duration-ms="9116" status="PASS">
          <reporter-output>
          </reporter-output>
        </test-method> <!-- setup -->
        <test-method signature="googleLogoTest()[pri:2, instance:com.stest.GoogleTest@43195e57]" started-at="2023-08-04T19:16:59 IST" name="googleLogoTest" finished-at="2023-08-04T19:16:59 IST" duration-ms="335" status="PASS">
          <reporter-output>
          </reporter-output>
        </test-method> <!-- googleLogoTest -->
        <test-method is-config="true" signature="tearDown()[pri:0, instance:com.stest.GoogleTest@43195e57]" started-at="2023-08-04T19:16:59 IST" name="tearDown" finished-at="2023-08-04T19:17:00 IST" duration-ms="356" status="PASS">
          <reporter-output>
          </reporter-output>
        </test-method> <!-- tearDown -->
        <test-method is-config="true" signature="setup()[pri:0, instance:com.stest.GoogleTest@43195e57]" started-at="2023-08-04T19:17:00 IST" name="setup" finished-at="2023-08-04T19:17:06 IST" duration-ms="6740" status="PASS">
          <reporter-output>
          </reporter-output>
        </test-method> <!-- setup -->
        <test-method signature="gmailButtonTest()[pri:3, instance:com.stest.GoogleTest@43195e57]" started-at="2023-08-04T19:17:06 IST" name="gmailButtonTest" finished-at="2023-08-04T19:17:07 IST" duration-ms="138" status="PASS">
          <reporter-output>
          </reporter-output>
        </test-method> <!-- gmailButtonTest -->
        <test-method is-config="true" signature="tearDown()[pri:0, instance:com.stest.GoogleTest@43195e57]" started-at="2023-08-04T19:17:07 IST" name="tearDown" finished-at="2023-08-04T19:17:07 IST" duration-ms="291" status="PASS">
          <reporter-output>
          </reporter-output>
        </test-method> <!-- tearDown -->
      </class> <!-- com.stest.GoogleTest -->
    </test> <!-- Default test -->
  </suite> <!-- Default suite -->
</testng-results>
