<?xml version="1.0" encoding="UTF-8"?>
<testng-results ignored="0" total="3" passed="3" failed="0" skipped="0">
  <reporter-output>
  </reporter-output>
  <suite started-at="2023-07-27T12:31:42 IST" name="Suite" finished-at="2023-07-27T12:32:00 IST" duration-ms="18217">
    <groups>
    </groups>
    <test started-at="2023-07-27T12:31:42 IST" name="Test" finished-at="2023-07-27T12:32:00 IST" duration-ms="18217">
      <class name="com.stest.AppTest">
        <test-method signature="failedLogin()[pri:0, instance:com.stest.AppTest@4313f5bc]" started-at="2023-07-27T12:32:00 IST" name="failedLogin" finished-at="2023-07-27T12:32:00 IST" duration-ms="64" status="PASS">
          <reporter-output>
          </reporter-output>
        </test-method> <!-- failedLogin -->
        <test-method signature="successLogin()[pri:0, instance:com.stest.AppTest@4313f5bc]" started-at="2023-07-27T12:32:00 IST" name="successLogin" finished-at="2023-07-27T12:32:00 IST" duration-ms="1" status="PASS">
          <reporter-output>
          </reporter-output>
        </test-method> <!-- successLogin -->
      </class> <!-- com.stest.AppTest -->
      <class name="com.stest.TC_Login">
        <test-method signature="loginTest()[pri:0, instance:com.stest.TC_Login@12b0404f]" started-at="2023-07-27T12:31:42 IST" name="loginTest" finished-at="2023-07-27T12:32:00 IST" duration-ms="18106" status="PASS">
          <reporter-output>
          </reporter-output>
        </test-method> <!-- loginTest -->
      </class> <!-- com.stest.TC_Login -->
    </test> <!-- Test -->
  </suite> <!-- Suite -->
</testng-results>
